0 info it worked if it ends with ok
1 verbose cli [ '/Users/xulei/.nvm/versions/node/v6.2.0/bin/node',
1 verbose cli   '/Users/xulei/.nvm/versions/node/v6.2.0/bin/npm',
1 verbose cli   'start' ]
2 info using npm@3.8.9
3 info using node@v6.2.0
4 verbose run-script [ 'prestart', 'start', 'poststart' ]
5 info lifecycle jsxLiveCompiler@1.0.0~prestart: jsxLiveCompiler@1.0.0
6 silly lifecycle jsxLiveCompiler@1.0.0~prestart: no script for prestart, continuing
7 info lifecycle jsxLiveCompiler@1.0.0~start: jsxLiveCompiler@1.0.0
8 verbose lifecycle jsxLiveCompiler@1.0.0~start: unsafe-perm in lifecycle true
9 verbose lifecycle jsxLiveCompiler@1.0.0~start: PATH: /Users/xulei/.nvm/versions/node/v6.2.0/lib/node_modules/npm/bin/node-gyp-bin:/Users/xulei/egghead/jsxLiveCompiler/node_modules/.bin:/Users/xulei/.nvm/versions/node/v6.2.0/bin:/Users/xulei/.nvm/versions/node/v6.2.0/bin:/usr/local/bin:/usr/bin:/bin:/usr/sbin:/sbin:/Users/xulei/Library/Android/sdk/tools:/Users/xulei/Library/Android/sdk/platform-tools
10 verbose lifecycle jsxLiveCompiler@1.0.0~start: CWD: /Users/xulei/egghead/jsxLiveCompiler
11 silly lifecycle jsxLiveCompiler@1.0.0~start: Args: [ '-c', 'webpack-dev-server' ]
12 silly lifecycle jsxLiveCompiler@1.0.0~start: Returned: code: 1  signal: null
13 info lifecycle jsxLiveCompiler@1.0.0~start: Failed to exec start script
14 verbose stack Error: jsxLiveCompiler@1.0.0 start: `webpack-dev-server`
14 verbose stack Exit status 1
14 verbose stack     at EventEmitter.<anonymous> (/Users/xulei/.nvm/versions/node/v6.2.0/lib/node_modules/npm/lib/utils/lifecycle.js:245:16)
14 verbose stack     at emitTwo (events.js:106:13)
14 verbose stack     at EventEmitter.emit (events.js:191:7)
14 verbose stack     at ChildProcess.<anonymous> (/Users/xulei/.nvm/versions/node/v6.2.0/lib/node_modules/npm/lib/utils/spawn.js:24:14)
14 verbose stack     at emitTwo (events.js:106:13)
14 verbose stack     at ChildProcess.emit (events.js:191:7)
14 verbose stack     at maybeClose (internal/child_process.js:850:16)
14 verbose stack     at Process.ChildProcess._handle.onexit (internal/child_process.js:215:5)
15 verbose pkgid jsxLiveCompiler@1.0.0
16 verbose cwd /Users/xulei/egghead/jsxLiveCompiler
17 error Darwin 15.6.0
18 error argv "/Users/xulei/.nvm/versions/node/v6.2.0/bin/node" "/Users/xulei/.nvm/versions/node/v6.2.0/bin/npm" "start"
19 error node v6.2.0
20 error npm  v3.8.9
21 error code ELIFECYCLE
22 error jsxLiveCompiler@1.0.0 start: `webpack-dev-server`
22 error Exit status 1
23 error Failed at the jsxLiveCompiler@1.0.0 start script 'webpack-dev-server'.
23 error Make sure you have the latest version of node.js and npm installed.
23 error If you do, this is most likely a problem with the jsxLiveCompiler package,
23 error not with npm itself.
23 error Tell the author that this fails on your system:
23 error     webpack-dev-server
23 error You can get information on how to open an issue for this project with:
23 error     npm bugs jsxLiveCompiler
23 error Or if that isn't available, you can get their info via:
23 error     npm owner ls jsxLiveCompiler
23 error There is likely additional logging output above.
24 verbose exit [ 1, true ]
